<?xml version="1.0" encoding="UTF-8"?>
<!-- Generated by org.testng.reporters.JUnitXMLReporter -->
<testsuite hostname="DESKTOP-PP2816J" ignored="0" name="Otlob Test" tests="2" failures="0" timestamp="2020-07-25T08:12:42 EET" time="79.27" errors="0">
  <testcase name="ValidateThatUserCanSearchForRestaurants" time="13.843" classname="com.otlob.tests.AllRestaurantsTest"/>
  <testcase name="validateThatUserCanCheckRestaurantsRating" time="31.117" classname="com.otlob.tests.AllRestaurantsTest"/>
</testsuite> <!-- Otlob Test -->
